"A provider, Win32_UserStateConfigurationProvider, has been registered in the Windows Management Instrumentation namespace ROOT\CIMV2 to use the LocalSystem account. This account is privileged and the provider may cause a security violation if it does not correctly impersonate user requests.","63","2",,"3","0","0","-9223372036854775808","138","Microsoft-Windows-WMI","1edeee53-0afe-4609-b846-d8c0b2075b1f","Application","3940","4716","WIN-S2L2KH4UPBI","S-1-5-18","12/13/2023 2:22:12 PM","e8abdcd9-2e01-0002-31de-abe8012eda01",,"Application","System.UInt32[]","System.Diagnostics.Eventing.Reader.EventBookmark","Warning","Info",,"System.Collections.ObjectModel.ReadOnlyCollection`1[System.String]","System.Collections.Generic.List`1[System.Diagnostics.Eventing.Reader.EventProperty]"
"A provider, UserProfileConfigurationProvider, has been registered in the Windows Management Instrumentation namespace ROOT\CIMV2 to use the LocalSystem account. This account is privileged and the provider may cause a security violation if it does not correctly impersonate user requests.","63","2",,"3","0","0","-9223372036854775808","137","Microsoft-Windows-WMI","1edeee53-0afe-4609-b846-d8c0b2075b1f","Application","3940","4716","WIN-S2L2KH4UPBI","S-1-5-18","12/13/2023 2:22:12 PM","e8abdcd9-2e01-0002-31de-abe8012eda01",,"Application","System.UInt32[]","System.Diagnostics.Eventing.Reader.EventBookmark","Warning","Info",,"System.Collections.ObjectModel.ReadOnlyCollection`1[System.String]","System.Collections.Generic.List`1[System.Diagnostics.Eventing.Reader.EventProperty]"
"A provider, InvProv, has been registered in the Windows Management Instrumentation namespace ROOT\CIMV2 to use the LocalSystem account. This account is privileged and the provider may cause a security violation if it does not correctly impersonate user requests.","63","2",,"3","0","0","-9223372036854775808","136","Microsoft-Windows-WMI","1edeee53-0afe-4609-b846-d8c0b2075b1f","Application","3940","4716","WIN-S2L2KH4UPBI","S-1-5-18","12/13/2023 2:22:12 PM","e8abdcd9-2e01-0002-31de-abe8012eda01",,"Application","System.UInt32[]","System.Diagnostics.Eventing.Reader.EventBookmark","Warning","Info",,"System.Collections.ObjectModel.ReadOnlyCollection`1[System.String]","System.Collections.Generic.List`1[System.Diagnostics.Eventing.Reader.EventProperty]"
"A provider, Win32_OfflineFilesConfigurationProvider, has been registered in the Windows Management Instrumentation namespace ROOT\CIMV2 to use the LocalSystem account. This account is privileged and the provider may cause a security violation if it does not correctly impersonate user requests.","63","2",,"3","0","0","-9223372036854775808","135","Microsoft-Windows-WMI","1edeee53-0afe-4609-b846-d8c0b2075b1f","Application","3940","4716","WIN-S2L2KH4UPBI","S-1-5-18","12/13/2023 2:22:12 PM","e8abdcd9-2e01-0002-31de-abe8012eda01",,"Application","System.UInt32[]","System.Diagnostics.Eventing.Reader.EventBookmark","Warning","Info",,"System.Collections.ObjectModel.ReadOnlyCollection`1[System.String]","System.Collections.Generic.List`1[System.Diagnostics.Eventing.Reader.EventProperty]"
"Failed trying to get the state of the cluster node: WIN-S2L2KH4UPBI.The error code returned: 0x8007085A","4104","0","16384","3","14","0","36028797018963968","33","Microsoft-Windows-MSDTC Client 2","155cb334-3d7f-4ff1-b107-df8afc3c0363","Application","0","0","WIN-S2L2KH4UPBI",,"12/13/2023 2:22:06 PM",,,"Application","System.UInt32[]","System.Diagnostics.Eventing.Reader.EventBookmark","Warning",,"Cluster","System.Collections.ObjectModel.ReadOnlyCollection`1[System.String]","System.Collections.Generic.List`1[System.Diagnostics.Eventing.Reader.EventProperty]"
"MSDTC encountered an error (HR=0x80000171) while attempting to establish a secure connection with system WIN-S2L2KH4UPBI.","4879","0","32768","3","3","0","36028797018963968","30","Microsoft-Windows-MSDTC Client 2","155cb334-3d7f-4ff1-b107-df8afc3c0363","Application","0","0","WIN-S2L2KH4UPBI",,"12/13/2023 2:22:05 PM",,,"Application","System.UInt32[]","System.Diagnostics.Eventing.Reader.EventBookmark","Warning",,"CM","System.Collections.ObjectModel.ReadOnlyCollection`1[System.String]","System.Collections.Generic.List`1[System.Diagnostics.Eventing.Reader.EventProperty]"
"Failed trying to get the state of the cluster node: WIN-S2L2KH4UPBI.The error code returned: 0x8007085A","4104","0","16384","3","14","0","36028797018963968","26","Microsoft-Windows-MSDTC Client 2","155cb334-3d7f-4ff1-b107-df8afc3c0363","Application","0","0","WIN-S2L2KH4UPBI",,"12/13/2023 2:22:03 PM",,,"Application","System.UInt32[]","System.Diagnostics.Eventing.Reader.EventBookmark","Warning",,"Cluster","System.Collections.ObjectModel.ReadOnlyCollection`1[System.String]","System.Collections.Generic.List`1[System.Diagnostics.Eventing.Reader.EventProperty]"
"The CRM log file was originally created on a computer with a different name. It has been updated with the name of the current computer. If this warning appears when the computer name has been changed then no further action is required. DD61D6J3

Server Application ID: {02D4B3F1-FD88-11D1-960D-00805FC79235}
Server Application Instance ID:
{59DFD2AA-F992-4269-9FE7-B215906519EC}
Server Application Name: System Application
Comsvcs.dll file version: ENU 2001.12.10941.16384 shp","4440","0","32770","3","28","0","36028797018963968","23","Microsoft-Windows-Complus","0f177893-4a9c-4709-b921-f432d67f43d5","Application","0","0","WIN-S2L2KH4UPBI",,"12/13/2023 2:22:03 PM",,,"Application","System.UInt32[]","System.Diagnostics.Eventing.Reader.EventBookmark","Warning",,"CRM","System.Collections.ObjectModel.ReadOnlyCollection`1[System.String]","System.Collections.Generic.List`1[System.Diagnostics.Eventing.Reader.EventProperty]"
